<?xml version="1.0" encoding="UTF-8"?>
<!-- Generated by org.testng.reporters.JUnitReportReporter -->
<testsuite hostname="DESKTOP-5A3HEEC" failures="0" tests="1" name="TestNew" time="1.910" errors="0" timestamp="2022-05-15T23:34:01 IST" skipped="0">
  <testcase classname="TestNew" name="test" time="1.910"/>
  <system-out/>
</testsuite> <!-- TestNew -->
